\BOOKMARK [0][-]{chapter*.4}{\376\377\000A\000p\000r\000e\000s\000e\000n\000t\000a\000\347\000\343\000o}{}% 1
\BOOKMARK [0][-]{chapter.1}{\376\377\000E\000s\000t\000r\000u\000t\000u\000r\000a\000\040\000d\000o\000\040\000p\000r\000o\000j\000e\000t\000o}{}% 2
\BOOKMARK [0][-]{chapter.2}{\376\377\000L\000e\000t\000t\000r\000i\000n\000e}{}% 3
\BOOKMARK [0][-]{chapter.3}{\376\377\000V\000e\000r\000b\000a\000t\000i\000m}{}% 4
\BOOKMARK [0][-]{chapter.4}{\376\377\000I\000n\000s\000e\000r\000i\000r\000\040\000p\000\341\000g\000i\000n\000a\000s\000\040\000e\000m\000\040\000.\000p\000d\000f}{}% 5
\BOOKMARK [0][-]{chapter.5}{\376\377\000T\000e\000x\000t\000o\000\040\000e\000m\000\040\000v\000\341\000r\000i\000a\000s\000\040\000c\000o\000l\000u\000n\000a\000s}{}% 6
\BOOKMARK [0][-]{chapter.6}{\376\377\000D\000i\000a\000g\000r\000a\000m\000a\000s}{}% 7
\BOOKMARK [0][-]{chapter.7}{\376\377\000A\000s\000p\000a\000s\000\040\000e\000\040\000o\000u\000t\000r\000o\000s\000\040\000s\000\355\000m\000b\000o\000l\000o\000s\000\040\000t\000i\000p\000o\000g\000r\000\341\000f\000i\000c\000o\000s}{}% 8
\BOOKMARK [0][-]{chapter.8}{\376\377\000H\000i\000p\000e\000r\000l\000i\000n\000k\000s\000\040\000c\000o\000m\000\040\000q\000u\000e\000b\000r\000a\000\040\000d\000e\000\040\000e\000n\000d\000e\000r\000e\000\347\000o\000\040\000p\000o\000r\000\040\000l\000i\000n\000h\000a}{}% 9
\BOOKMARK [0][-]{chapter.9}{\376\377\000T\000a\000b\000e\000l\000a\000s}{}% 10
\BOOKMARK [0][-]{chapter.10}{\376\377\000I\000m\000a\000g\000e\000n\000s}{}% 11
\BOOKMARK [0][-]{chapter.11}{\376\377\000A\000m\000b\000i\000e\000n\000t\000e\000s\000\040\000L\000a\000T\000e\000X\000\040\000p\000e\000r\000s\000o\000n\000a\000l\000i\000z\000a\000d\000o\000s}{}% 12
\BOOKMARK [1][-]{subsection.11.0.1}{\376\377\000c\000i\000t\000e\000l}{chapter.11}% 13
\BOOKMARK [2][-]{subsection.11.0.2}{\376\377\000c\000o\000d\000e\000x}{subsection.11.0.1}% 14
\BOOKMARK [2][-]{subsection.11.0.3}{\376\377\000C\000a\000i\000x\000a\000s\000\040\000d\000e\000\040\000T\000e\000x\000t\000o}{subsection.11.0.1}% 15
\BOOKMARK [3][-]{subsubsection.11.0.3.1}{\376\377\000o\000b\000s\000e\000r\000v}{subsection.11.0.3}% 16
\BOOKMARK [3][-]{subsubsection.11.0.3.2}{\376\377\000m\000v\000e\000r\000d\000e\000\040\000e\000\040\000m\000v\000e\000r\000m\000e\000l\000h\000a}{subsection.11.0.3}% 17
\BOOKMARK [3][-]{subsubsection.11.0.3.3}{\376\377\000b\000x\000p\000r\000e\000t\000a\000,\000\040\000b\000x\000l\000a\000r\000a\000n\000j\000a\000,\000\040\000b\000x\000c\000i\000n\000z\000a\000,\000\040\000b\000x\000a\000z\000u\000l\000\040\000e\000\040\000b\000x\000v\000e\000r\000m\000e\000l\000h\000a}{subsection.11.0.3}% 18
\BOOKMARK [3][-]{subsubsection.11.0.3.4}{\376\377\000a\000l\000e\000r\000t\000m\000e\000s\000s\000a\000g\000e}{subsection.11.0.3}% 19
\BOOKMARK [0][-]{chapter.12}{\376\377\000R\000e\000f\000e\000r\000\352\000n\000c\000i\000a\000s\000\040\000e\000\040\000C\000i\000t\000a\000\347\000\365\000e\000s}{}% 20
\BOOKMARK [0][-]{chapter*.8}{\376\377\000R\000e\000f\000e\000r\000\352\000n\000c\000i\000a\000s}{}% 21
\BOOKMARK [-1][-]{section*.10}{\376\377\000A\000p\000\352\000n\000d\000i\000c\000e\000s}{}% 22
\BOOKMARK [0][-]{chapter*.11}{\376\377\000A\000n\000e\000x\000o\000\040\000A\000\040\040\023\000\040\000U\000m\000\040\000a\000p\000\352\000n\000d\000i\000c\000e}{section*.10}% 23
\BOOKMARK [0][-]{chapter*.12}{\376\377\000A\000n\000e\000x\000o\000\040\000B\000\040\040\023\000\040\000U\000m\000\040\000o\000u\000t\000r\000o\000\040\000a\000p\000\352\000n\000d\000i\000c\000e}{section*.10}% 24
\BOOKMARK [-1][-]{section*.14}{\376\377\000A\000n\000e\000x\000o\000s}{}% 25
\BOOKMARK [0][-]{chapter*.15}{\376\377\000A\000n\000e\000x\000o\000\040\000A\000\040\040\023\000\040\000U\000m\000\040\000a\000n\000e\000x\000o}{section*.14}% 26
\BOOKMARK [0][-]{chapter*.16}{\376\377\000A\000n\000e\000x\000o\000\040\000B\000\040\040\023\000\040\000U\000m\000\040\000o\000u\000t\000r\000o\000\040\000a\000n\000e\000x\000o}{section*.14}% 27
